  Main.cpp
c:\users\thonn\desktop\thonni_lokaverkefni\lokaverkefni\lokaverkefni\TextureLoader.h(21): warning C4474: 'printf' : too many arguments passed for format string
  c:\users\thonn\desktop\thonni_lokaverkefni\lokaverkefni\lokaverkefni\TextureLoader.h(21): note: placeholders and their parameters expect 1 variadic arguments, but 2 were provided
  Obj_MainParent.cpp
c:\users\thonn\desktop\thonni_lokaverkefni\lokaverkefni\lokaverkefni\TextureLoader.h(21): warning C4474: 'printf' : too many arguments passed for format string
  c:\users\thonn\desktop\thonni_lokaverkefni\lokaverkefni\lokaverkefni\TextureLoader.h(21): note: placeholders and their parameters expect 1 variadic arguments, but 2 were provided
Obj_MainParent.cpp(7): warning C4244: '=': conversion from 'int' to 'float', possible loss of data
Obj_MainParent.cpp(8): warning C4244: '=': conversion from 'int' to 'float', possible loss of data
Obj_MainParent.cpp(24): warning C4244: '=': conversion from 'float' to 'int', possible loss of data
Obj_MainParent.cpp(25): warning C4244: '=': conversion from 'float' to 'int', possible loss of data
Obj_MainParent.cpp(36): warning C4244: 'argument': conversion from 'float' to 'int', possible loss of data
  Obj_Player.cpp
c:\users\thonn\desktop\thonni_lokaverkefni\lokaverkefni\lokaverkefni\TextureLoader.h(21): warning C4474: 'printf' : too many arguments passed for format string
  c:\users\thonn\desktop\thonni_lokaverkefni\lokaverkefni\lokaverkefni\TextureLoader.h(21): note: placeholders and their parameters expect 1 variadic arguments, but 2 were provided
Obj_Player.cpp(13): warning C4244: '+=': conversion from 'double' to 'float', possible loss of data
Obj_Player.cpp(15): warning C4244: '-=': conversion from 'double' to 'float', possible loss of data
Obj_Player.cpp(17): warning C4244: '-=': conversion from 'double' to 'float', possible loss of data
Obj_Player.cpp(19): warning C4244: '+=': conversion from 'double' to 'float', possible loss of data
  Obj_Wall.cpp
c:\users\thonn\desktop\thonni_lokaverkefni\lokaverkefni\lokaverkefni\TextureLoader.h(21): warning C4474: 'printf' : too many arguments passed for format string
  c:\users\thonn\desktop\thonni_lokaverkefni\lokaverkefni\lokaverkefni\TextureLoader.h(21): note: placeholders and their parameters expect 1 variadic arguments, but 2 were provided
  Room_MainParent.cpp
c:\users\thonn\desktop\thonni_lokaverkefni\lokaverkefni\lokaverkefni\TextureLoader.h(21): warning C4474: 'printf' : too many arguments passed for format string
  c:\users\thonn\desktop\thonni_lokaverkefni\lokaverkefni\lokaverkefni\TextureLoader.h(21): note: placeholders and their parameters expect 1 variadic arguments, but 2 were provided
Room_MainParent.cpp(17): warning C4018: '<': signed/unsigned mismatch
Room_MainParent.cpp(31): warning C4018: '<': signed/unsigned mismatch
  Room_TestRoom.cpp
c:\users\thonn\desktop\thonni_lokaverkefni\lokaverkefni\lokaverkefni\TextureLoader.h(21): warning C4474: 'printf' : too many arguments passed for format string
  c:\users\thonn\desktop\thonni_lokaverkefni\lokaverkefni\lokaverkefni\TextureLoader.h(21): note: placeholders and their parameters expect 1 variadic arguments, but 2 were provided
Room_TestRoom.cpp(16): warning C4244: '+=': conversion from 'double' to 'int', possible loss of data
  Sprite.cpp
Sprite.cpp(22): warning C4474: 'printf' : too many arguments passed for format string
  Sprite.cpp(22): note: placeholders and their parameters expect 1 variadic arguments, but 2 were provided
Sprite.cpp(68): warning C4244: '+=': conversion from 'double' to 'float', possible loss of data
  Generating code
  145 of 287 functions (50.5%) were compiled, the rest were copied from previous compilation.
    129 functions were new in current compilation
    8 functions had inline decision re-evaluated but remain unchanged
  Finished generating code
  Lokaverkefni.vcxproj -> C:\Users\thonn\Desktop\Thonni_Lokaverkefni\Lokaverkefni\Release\Lokaverkefni.exe
  Lokaverkefni.vcxproj -> C:\Users\thonn\Desktop\Thonni_Lokaverkefni\Lokaverkefni\Release\Lokaverkefni.pdb (Full PDB)
